#
# A fatal error has been detected by the Java Runtime Environment:
#
#  EXCEPTION_STACK_OVERFLOW (0xc00000fd) at pc=0x6400b9a3, pid=8348, tid=0x00001ed8
#
# JRE version: Java(TM) SE Runtime Environment (8.0_191-b12) (build 1.8.0_191-b12)
# Java VM: Java HotSpot(TM) Client VM (25.191-b12 mixed mode windows-x86 )
# Problematic frame:
# C  [jSSC-2.8_x86.dll+0xb9a3]
#
# Failed to write core dump. Minidumps are not enabled by default on client versions of Windows
#
# If you would like to submit a bug report, please visit:
#   http://bugreport.java.com/bugreport/crash.jsp
# The crash happened outside the Java Virtual Machine in native code.
# See problematic frame for where to report the bug.
#

---------------  T H R E A D  ---------------

Current thread (0x29624c00):  JavaThread "EventThread COM8" [_thread_in_native, id=7896, stack(0x25350000,0x253a0000)]

siginfo: ExceptionCode=0xc00000fd, ExceptionInformation=0x00000001 0x25350230 

Registers:
EAX=0x000a1d00, EBX=0x0109bf38, ECX=0x25350230, EDX=0x00000000
ESP=0x2539f224, EBP=0x2539f288, ESI=0x29624d40, EDI=0x0109bf4c
EIP=0x6400b9a3, EFLAGS=0x00010206

Top of Stack: (sp=0x2539f224)
0x2539f224:   000efd00 00000000 64001739 00000014
0x2539f234:   00000000 00000000 296bc2d0 00000000
0x2539f244:   00000000 00000000 00000000 29624c00
0x2539f254:   00000000 00000b94 00000000 00000000
0x2539f264:   00000001 000efcf4 00000001 00000000
0x2539f274:   04f0aa00 077bb240 259ad3d8 259ad3d8
0x2539f284:   29624c00 2539f2d4 02badae1 29624d40
0x2539f294:   2539f2f0 00000b94 00000000 000efcf4 

Instructions: (pc=0x6400b9a3)
0x6400b983:   fd ff ff eb 91 90 90 90 90 90 90 90 90 51 50 3d
0x6400b993:   00 10 00 00 8d 4c 24 0c 72 15 81 e9 00 10 00 00
0x6400b9a3:   83 09 00 2d 00 10 00 00 3d 00 10 00 00 77 eb 29
0x6400b9b3:   c1 83 09 00 58 59 c3 90 90 8b 44 24 04 c7 00 ff 


Register to memory mapping:

EAX=0x000a1d00 is an unknown value
EBX=0x0109bf38 is an unknown value
ECX=0x25350230 is pointing into the stack for thread: 0x29624c00
EDX=0x00000000 is an unknown value
ESP=0x2539f224 is pointing into the stack for thread: 0x29624c00
EBP=0x2539f288 is pointing into the stack for thread: 0x29624c00
ESI=0x29624d40 is an unknown value
EDI=0x0109bf4c is an unknown value


Stack: [0x25350000,0x253a0000],  sp=0x2539f224,  free space=316k
Native frames: (J=compiled Java code, j=interpreted, Vv=VM code, C=native code)
C  [jSSC-2.8_x86.dll+0xb9a3]
j  jssc.SerialNativeInterface.readBytes(JI)[B+0
j  jssc.SerialPort.readBytes(I)[B+16
j  processing.app.Serial.serialEvent(Ljssc/SerialPortEvent;)V+15
j  jssc.SerialPort$EventThread.run()V+62
v  ~StubRoutines::call_stub
V  [jvm.dll+0x15c315]
V  [jvm.dll+0x223ece]
V  [jvm.dll+0x15c3ae]
V  [jvm.dll+0x15c536]
V  [jvm.dll+0x15c5a7]
V  [jvm.dll+0x1002ef]
V  [jvm.dll+0x17f550]
V  [jvm.dll+0x17fdca]
V  [jvm.dll+0x1c57a6]
C  [msvcr100.dll+0x5c556]
C  [msvcr100.dll+0x5c600]
C  [KERNEL32.DLL+0x1fa29]
C  [ntdll.dll+0x67a7e]
C  [ntdll.dll+0x67a4e]
C  0x00000000

Java frames: (J=compiled Java code, j=interpreted, Vv=VM code)
j  jssc.SerialNativeInterface.readBytes(JI)[B+0
j  jssc.SerialPort.readBytes(I)[B+16
j  processing.app.Serial.serialEvent(Ljssc/SerialPortEvent;)V+15
j  jssc.SerialPort$EventThread.run()V+62
v  ~StubRoutines::call_stub

---------------  P R O C E S S  ---------------

Java Threads: ( => current thread )
=>0x29624c00 JavaThread "EventThread COM8" [_thread_in_native, id=7896, stack(0x25350000,0x253a0000)]
  0x29626400 JavaThread "Image Fetcher 1" daemon [_thread_blocked, id=4136, stack(0x02a20000,0x02a70000)]
  0x29628000 JavaThread "Image Fetcher 0" daemon [_thread_blocked, id=10456, stack(0x029d0000,0x02a20000)]
  0x29622c00 JavaThread "DestroyJavaVM" [_thread_blocked, id=6980, stack(0x02a80000,0x02ad0000)]
  0x29625800 JavaThread "Timer-0" [_thread_blocked, id=8644, stack(0x2ab90000,0x2abe0000)]
  0x29626000 JavaThread "TimerQueue" daemon [_thread_blocked, id=8828, stack(0x2ab00000,0x2ab50000)]
  0x29621800 JavaThread "AWT-EventQueue-0" [_thread_blocked, id=8292, stack(0x2a6b0000,0x2a700000)]
  0x29627000 JavaThread "AWT-Shutdown" [_thread_blocked, id=6900, stack(0x2a620000,0x2a670000)]
  0x27dcc400 JavaThread "Batik CleanerThread" daemon [_thread_blocked, id=1944, stack(0x29330000,0x29380000)]
  0x27dcb400 JavaThread "JmDNS(ABAYO.local.).State.Timer" [_thread_blocked, id=5192, stack(0x28f90000,0x28fe0000)]
  0x27dcc000 JavaThread "JmDNS(ABAYO.local.).Timer" daemon [_thread_blocked, id=8608, stack(0x28f00000,0x28f50000)]
  0x27dcb800 JavaThread "SocketListener(ABAYO.local.)" daemon [_thread_in_native, id=5368, stack(0x28e70000,0x28ec0000)]
  0x27da1400 JavaThread "JmDNS(ABAYO.local.).State.Timer" [_thread_blocked, id=5116, stack(0x28d50000,0x28da0000)]
  0x27da1000 JavaThread "JmDNS(ABAYO.local.).Timer" daemon [_thread_blocked, id=1272, stack(0x28cc0000,0x28d10000)]
  0x27da0800 JavaThread "SocketListener(ABAYO.local.)" daemon [_thread_in_native, id=7312, stack(0x28c30000,0x28c80000)]
  0x27b93000 JavaThread "Multihomed mDNS.Timer" daemon [_thread_in_native, id=6752, stack(0x26d40000,0x26d90000)]
  0x27b8b000 JavaThread "cc.arduino.packages.discoverers.serial.SerialDiscovery" [_thread_blocked, id=9584, stack(0x287a0000,0x287f0000)]
  0x268dfc00 JavaThread "AWT-Windows" daemon [_thread_in_native, id=9888, stack(0x26dd0000,0x26e20000)]
  0x268de400 JavaThread "Java2D Disposer" daemon [_thread_blocked, id=9840, stack(0x26cb0000,0x26d00000)]
  0x25f41800 JavaThread "Service Thread" daemon [_thread_blocked, id=5080, stack(0x26550000,0x265a0000)]
  0x25f21000 JavaThread "C1 CompilerThread0" daemon [_thread_blocked, id=8340, stack(0x264c0000,0x26510000)]
  0x25f1f400 JavaThread "Attach Listener" daemon [_thread_blocked, id=2804, stack(0x26430000,0x26480000)]
  0x25f1d800 JavaThread "Signal Dispatcher" daemon [_thread_blocked, id=9388, stack(0x263a0000,0x263f0000)]
  0x25f0c400 JavaThread "Finalizer" daemon [_thread_blocked, id=3184, stack(0x26210000,0x26260000)]
  0x25f06400 JavaThread "Reference Handler" daemon [_thread_blocked, id=10396, stack(0x26180000,0x261d0000)]

Other Threads:
  0x25ef0400 VMThread [stack: 0x260f0000,0x26140000] [id=8328]
  0x25f4d400 WatcherThread [stack: 0x265e0000,0x26630000] [id=9012]

VM state:not at safepoint (normal execution)

VM Mutex/Monitor currently owned by a thread: None

Heap:
 def new generation   total 47808K, used 7674K [0x04e00000, 0x081d0000, 0x0f8a0000)
  eden space 42560K,   6% used [0x04e00000, 0x050c3fc0, 0x07790000)
  from space 5248K,  92% used [0x07790000, 0x07c4a8a8, 0x07cb0000)
  to   space 5248K,   0% used [0x07cb0000, 0x07cb0000, 0x081d0000)
 tenured generation   total 105964K, used 75563K [0x0f8a0000, 0x1601b000, 0x24e00000)
   the space 105964K,  71% used [0x0f8a0000, 0x1426afc0, 0x1426b000, 0x1601b000)
 Metaspace       used 24606K, capacity 25137K, committed 25216K, reserved 25984K

Card table byte_map: [0x04c50000,0x04d60000] byte_map_base: 0x04c29000

Polling page: 0x00fb0000

CodeCache: size=32768Kb used=3076Kb max_used=4391Kb free=29691Kb
 bounds [0x02ba0000, 0x02ff0000, 0x04ba0000]
 total_blobs=1814 nmethods=1521 adapters=222
 compilation: enabled

Compilation events (10 events):
Event: 406.610 Thread 0x25f21000 3315             sun.nio.cs.UTF_8$Decoder::malformedN (192 bytes)
Event: 406.613 Thread 0x25f21000 nmethod 3315 0x02f6edc8 code [0x02f6ef60, 0x02f6f288]
Event: 406.613 Thread 0x25f21000 3316             java.nio.charset.CoderResult::malformedForLength (8 bytes)
Event: 406.614 Thread 0x25f21000 nmethod 3316 0x02f74208 code [0x02f74310, 0x02f7439c]
Event: 406.614 Thread 0x25f21000 3317             java.nio.charset.CoderResult$Cache::access$200 (6 bytes)
Event: 406.614 Thread 0x25f21000 nmethod 3317 0x02e6f148 code [0x02e6f240, 0x02e6f2cc]
Event: 406.614 Thread 0x25f21000 3318  s          java.nio.charset.CoderResult$Cache::get (109 bytes)
Event: 406.615 Thread 0x25f21000 nmethod 3318 0x02e76248 code [0x02e763a0, 0x02e767f0]
Event: 406.615 Thread 0x25f21000 3319             java.nio.HeapCharBuffer::isReadOnly (2 bytes)
Event: 406.615 Thread 0x25f21000 nmethod 3319 0x02e6ef88 code [0x02e6f080, 0x02e6f100]

GC Heap History (10 events):
Event: 41.658 GC heap before
{Heap before GC invocations=14 (full 1):
 def new generation   total 39424K, used 9979K [0x04e00000, 0x078c0000, 0x0f8a0000)
  eden space 35072K,  16% used [0x04e00000, 0x0537edd8, 0x07040000)
  from space 4352K, 100% used [0x07040000, 0x07480000, 0x07480000)
  to   space 4352K,   0% used [0x07480000, 0x07480000, 0x078c0000)
 tenured generation   total 87424K, used 62408K [0x0f8a0000, 0x14e00000, 0x24e00000)
   the space 87424K,  71% used [0x0f8a0000, 0x13592140, 0x13592200, 0x14e00000)
 Metaspace       used 20073K, capacity 20462K, committed 20480K, reserved 20864K
Event: 41.956 GC heap after
Heap after GC invocations=15 (full 2):
 def new generation   total 47808K, used 0K [0x04e00000, 0x081d0000, 0x0f8a0000)
  eden space 42560K,   0% used [0x04e00000, 0x04e00000, 0x07790000)
  from space 5248K,   0% used [0x07790000, 0x07790000, 0x07cb0000)
  to   space 5248K,   0% used [0x07cb0000, 0x07cb0000, 0x081d0000)
 tenured generation   total 105964K, used 63576K [0x0f8a0000, 0x1601b000, 0x24e00000)
   the space 105964K,  59% used [0x0f8a0000, 0x136b6200, 0x136b6200, 0x1601b000)
 Metaspace       used 20073K, capacity 20462K, committed 20480K, reserved 20864K
}
Event: 56.673 GC heap before
{Heap before GC invocations=15 (full 2):
 def new generation   total 47808K, used 42560K [0x04e00000, 0x081d0000, 0x0f8a0000)
  eden space 42560K, 100% used [0x04e00000, 0x07790000, 0x07790000)
  from space 5248K,   0% used [0x07790000, 0x07790000, 0x07cb0000)
  to   space 5248K,   0% used [0x07cb0000, 0x07cb0000, 0x081d0000)
 tenured generation   total 105964K, used 63576K [0x0f8a0000, 0x1601b000, 0x24e00000)
   the space 105964K,  59% used [0x0f8a0000, 0x136b6200, 0x136b6200, 0x1601b000)
 Metaspace       used 22821K, capacity 23269K, committed 23296K, reserved 23936K
Event: 56.738 GC heap after
Heap after GC invocations=16 (full 2):
 def new generation   total 47808K, used 5248K [0x04e00000, 0x081d0000, 0x0f8a0000)
  eden space 42560K,   0% used [0x04e00000, 0x04e00000, 0x07790000)
  from space 5248K, 100% used [0x07cb0000, 0x081d0000, 0x081d0000)
  to   space 5248K,   0% used [0x07790000, 0x07790000, 0x07cb0000)
 tenured generation   total 105964K, used 69914K [0x0f8a0000, 0x1601b000, 0x24e00000)
   the space 105964K,  65% used [0x0f8a0000, 0x13ce6bf8, 0x13ce6c00, 0x1601b000)
 Metaspace       used 22821K, capacity 23269K, committed 23296K, reserved 23936K
}
Event: 104.415 GC heap before
{Heap before GC invocations=16 (full 2):
 def new generation   total 47808K, used 47808K [0x04e00000, 0x081d0000, 0x0f8a0000)
  eden space 42560K, 100% used [0x04e00000, 0x07790000, 0x07790000)
  from space 5248K, 100% used [0x07cb0000, 0x081d0000, 0x081d0000)
  to   space 5248K,   0% used [0x07790000, 0x07790000, 0x07cb0000)
 tenured generation   total 105964K, used 69914K [0x0f8a0000, 0x1601b000, 0x24e00000)
   the space 105964K,  65% used [0x0f8a0000, 0x13ce6bf8, 0x13ce6c00, 0x1601b000)
 Metaspace       used 23496K, capacity 24017K, committed 24064K, reserved 24960K
Event: 104.468 GC heap after
Heap after GC invocations=17 (full 2):
 def new generation   total 47808K, used 3749K [0x04e00000, 0x081d0000, 0x0f8a0000)
  eden space 42560K,   0% used [0x04e00000, 0x04e00000, 0x07790000)
  from space 5248K,  71% used [0x07790000, 0x07b39480, 0x07cb0000)
  to   space 5248K,   0% used [0x07cb0000, 0x07cb0000, 0x081d0000)
 tenured generation   total 105964K, used 73224K [0x0f8a0000, 0x1601b000, 0x24e00000)
   the space 105964K,  69% used [0x0f8a0000, 0x14022310, 0x14022400, 0x1601b000)
 Metaspace       used 23496K, capacity 24017K, committed 24064K, reserved 24960K
}
Event: 250.081 GC heap before
{Heap before GC invocations=17 (full 2):
 def new generation   total 47808K, used 46309K [0x04e00000, 0x081d0000, 0x0f8a0000)
  eden space 42560K, 100% used [0x04e00000, 0x07790000, 0x07790000)
  from space 5248K,  71% used [0x07790000, 0x07b39480, 0x07cb0000)
  to   space 5248K,   0% used [0x07cb0000, 0x07cb0000, 0x081d0000)
 tenured generation   total 105964K, used 73224K [0x0f8a0000, 0x1601b000, 0x24e00000)
   the space 105964K,  69% used [0x0f8a0000, 0x14022310, 0x14022400, 0x1601b000)
 Metaspace       used 24277K, capacity 24797K, committed 24832K, reserved 24960K
Event: 250.144 GC heap after
Heap after GC invocations=18 (full 2):
 def new generation   total 47808K, used 1868K [0x04e00000, 0x081d0000, 0x0f8a0000)
  eden space 42560K,   0% used [0x04e00000, 0x04e00000, 0x07790000)
  from space 5248K,  35% used [0x07cb0000, 0x07e83200, 0x081d0000)
  to   space 5248K,   0% used [0x07790000, 0x07790000, 0x07cb0000)
 tenured generation   total 105964K, used 75563K [0x0f8a0000, 0x1601b000, 0x24e00000)
   the space 105964K,  71% used [0x0f8a0000, 0x1426afc0, 0x1426b000, 0x1601b000)
 Metaspace       used 24277K, capacity 24797K, committed 24832K, reserved 24960K
}
Event: 406.619 GC heap before
{Heap before GC invocations=18 (full 2):
 def new generation   total 47808K, used 44428K [0x04e00000, 0x081d0000, 0x0f8a0000)
  eden space 42560K, 100% used [0x04e00000, 0x07790000, 0x07790000)
  from space 5248K,  35% used [0x07cb0000, 0x07e83200, 0x081d0000)
  to   space 5248K,   0% used [0x07790000, 0x07790000, 0x07cb0000)
 tenured generation   total 105964K, used 75563K [0x0f8a0000, 0x1601b000, 0x24e00000)
   the space 105964K,  71% used [0x0f8a0000, 0x1426afc0, 0x1426b000, 0x1601b000)
 Metaspace       used 24605K, capacity 25137K, committed 25216K, reserved 25984K
Event: 406.654 GC heap after
Heap after GC invocations=19 (full 2):
 def new generation   total 47808K, used 4842K [0x04e00000, 0x081d0000, 0x0f8a0000)
  eden space 42560K,   0% used [0x04e00000, 0x04e00000, 0x07790000)
  from space 5248K,  92% used [0x07790000, 0x07c4a8a8, 0x07cb0000)
  to   space 5248K,   0% used [0x07cb0000, 0x07cb0000, 0x081d0000)
 tenured generation   total 105964K, used 75563K [0x0f8a0000, 0x1601b000, 0x24e00000)
   the space 105964K,  71% used [0x0f8a0000, 0x1426afc0, 0x1426b000, 0x1601b000)
 Metaspace       used 24605K, capacity 25137K, committed 25216K, reserved 25984K
}

Deoptimization events (0 events):
No events

Classes redefined (0 events):
No events

Internal exceptions (10 events):
Event: 382.834 Thread 0x29621800 Exception <a 'sun/nio/fs/WindowsException'> (0x072836d0) thrown at [C:\workspace\8-2-build-windows-i586-cygwin\jdk8u191\11896\hotspot\src\share\vm\prims\jni.cpp, line 709]
Event: 382.834 Thread 0x29621800 Exception <a 'sun/nio/fs/WindowsException'> (0x07283ea8) thrown at [C:\workspace\8-2-build-windows-i586-cygwin\jdk8u191\11896\hotspot\src\share\vm\prims\jni.cpp, line 709]
Event: 382.843 Thread 0x29621800 Exception <a 'sun/nio/fs/WindowsException'> (0x0728fd38) thrown at [C:\workspace\8-2-build-windows-i586-cygwin\jdk8u191\11896\hotspot\src\share\vm\prims\jni.cpp, line 709]
Event: 382.843 Thread 0x29621800 Exception <a 'sun/nio/fs/WindowsException'> (0x072904a8) thrown at [C:\workspace\8-2-build-windows-i586-cygwin\jdk8u191\11896\hotspot\src\share\vm\prims\jni.cpp, line 709]
Event: 382.852 Thread 0x29621800 Exception <a 'sun/nio/fs/WindowsException'> (0x072a10f8) thrown at [C:\workspace\8-2-build-windows-i586-cygwin\jdk8u191\11896\hotspot\src\share\vm\prims\jni.cpp, line 709]
Event: 382.852 Thread 0x29621800 Exception <a 'sun/nio/fs/WindowsException'> (0x072a1840) thrown at [C:\workspace\8-2-build-windows-i586-cygwin\jdk8u191\11896\hotspot\src\share\vm\prims\jni.cpp, line 709]
Event: 382.861 Thread 0x29621800 Exception <a 'sun/nio/fs/WindowsException'> (0x072c2c60) thrown at [C:\workspace\8-2-build-windows-i586-cygwin\jdk8u191\11896\hotspot\src\share\vm\prims\jni.cpp, line 709]
Event: 382.861 Thread 0x29621800 Exception <a 'sun/nio/fs/WindowsException'> (0x072c33f8) thrown at [C:\workspace\8-2-build-windows-i586-cygwin\jdk8u191\11896\hotspot\src\share\vm\prims\jni.cpp, line 709]
Event: 382.870 Thread 0x29621800 Exception <a 'sun/nio/fs/WindowsException'> (0x072daab0) thrown at [C:\workspace\8-2-build-windows-i586-cygwin\jdk8u191\11896\hotspot\src\share\vm\prims\jni.cpp, line 709]
Event: 382.871 Thread 0x29621800 Exception <a 'sun/nio/fs/WindowsException'> (0x072db238) thrown at [C:\workspace\8-2-build-windows-i586-cygwin\jdk8u191\11896\hotspot\src\share\vm\prims\jni.cpp, line 709]

Events (10 events):
Event: 406.662 Executing VM operation: RevokeBias
Event: 406.663 Executing VM operation: RevokeBias done
Event: 406.665 Executing VM operation: BulkRevokeBias
Event: 406.667 Executing VM operation: BulkRevokeBias done
Event: 406.668 Executing VM operation: RevokeBias
Event: 406.668 Executing VM operation: RevokeBias done
Event: 406.669 Executing VM operation: RevokeBias
Event: 406.670 Executing VM operation: RevokeBias done
Event: 406.670 Executing VM operation: RevokeBias
Event: 406.671 Executing VM operation: RevokeBias done


Dynamic libraries:
0x00f40000 - 0x00f73000 	C:\Program Files (x86)\Arduino\java\bin\javaw.exe
0x77db0000 - 0x77f53000 	C:\WINDOWS\SYSTEM32\ntdll.dll
0x765a0000 - 0x76690000 	C:\WINDOWS\System32\KERNEL32.DLL
0x769a0000 - 0x76bb4000 	C:\WINDOWS\System32\KERNELBASE.dll
0x75e00000 - 0x75e7a000 	C:\WINDOWS\System32\ADVAPI32.dll
0x776c0000 - 0x7777f000 	C:\WINDOWS\System32\msvcrt.dll
0x774f0000 - 0x77565000 	C:\WINDOWS\System32\sechost.dll
0x76360000 - 0x7641f000 	C:\WINDOWS\System32\RPCRT4.dll
0x75c60000 - 0x75df6000 	C:\WINDOWS\System32\USER32.dll
0x760b0000 - 0x760c8000 	C:\WINDOWS\System32\win32u.dll
0x77d70000 - 0x77d93000 	C:\WINDOWS\System32\GDI32.dll
0x77c90000 - 0x77d6c000 	C:\WINDOWS\System32\gdi32full.dll
0x76880000 - 0x768fb000 	C:\WINDOWS\System32\msvcp_win.dll
0x76420000 - 0x76540000 	C:\WINDOWS\System32\ucrtbase.dll
0x75a50000 - 0x75c60000 	C:\WINDOWS\WinSxS\x86_microsoft.windows.common-controls_6595b64144ccf1df_6.0.19041.1110_none_a8625c1886757984\COMCTL32.dll
0x76c40000 - 0x76c65000 	C:\WINDOWS\System32\IMM32.DLL
0x72f90000 - 0x7304f000 	C:\Program Files (x86)\Arduino\java\bin\msvcr100.dll
0x71520000 - 0x718f3000 	C:\Program Files (x86)\Arduino\java\bin\client\jvm.dll
0x76540000 - 0x76546000 	C:\WINDOWS\System32\PSAPI.DLL
0x74c60000 - 0x74c88000 	C:\WINDOWS\SYSTEM32\WINMM.dll
0x753a0000 - 0x753a8000 	C:\WINDOWS\SYSTEM32\VERSION.dll
0x72f80000 - 0x72f88000 	C:\WINDOWS\SYSTEM32\WSOCK32.dll
0x77480000 - 0x774e3000 	C:\WINDOWS\System32\WS2_32.dll
0x72f50000 - 0x72f80000 	C:\Program Files (x86)\Arduino\java\bin\splashscreen.dll
0x758e0000 - 0x75954000 	C:\WINDOWS\system32\uxtheme.dll
0x760d0000 - 0x76351000 	C:\WINDOWS\System32\combase.dll
0x72f40000 - 0x72f4c000 	C:\Program Files (x86)\Arduino\java\bin\verify.dll
0x72f10000 - 0x72f32000 	C:\Program Files (x86)\Arduino\java\bin\java.dll
0x72ef0000 - 0x72f04000 	C:\Program Files (x86)\Arduino\java\bin\zip.dll
0x76700000 - 0x767d4000 	C:\WINDOWS\System32\MSCTF.dll
0x767e0000 - 0x76876000 	C:\WINDOWS\System32\OLEAUT32.dll
0x75380000 - 0x7538f000 	C:\WINDOWS\SYSTEM32\kernel.appcore.dll
0x76050000 - 0x760af000 	C:\WINDOWS\System32\bcryptPrimitives.dll
0x72e30000 - 0x72ee9000 	C:\WINDOWS\SYSTEM32\textinputframework.dll
0x722b0000 - 0x7252e000 	C:\WINDOWS\System32\CoreUIComponents.dll
0x77630000 - 0x776b7000 	C:\WINDOWS\System32\SHCORE.dll
0x72140000 - 0x721db000 	C:\WINDOWS\System32\CoreMessaging.dll
0x74c30000 - 0x74c59000 	C:\WINDOWS\SYSTEM32\ntmarta.dll
0x71440000 - 0x7151b000 	C:\WINDOWS\SYSTEM32\wintypes.dll
0x76c70000 - 0x77223000 	C:\WINDOWS\System32\SHELL32.dll
0x74d10000 - 0x75318000 	C:\WINDOWS\SYSTEM32\windows.storage.dll
0x74ce0000 - 0x74d04000 	C:\WINDOWS\SYSTEM32\Wldp.dll
0x77230000 - 0x77275000 	C:\WINDOWS\System32\shlwapi.dll
0x74cc0000 - 0x74cd8000 	C:\WINDOWS\SYSTEM32\profapi.dll
0x61940000 - 0x619b3000 	C:\Program Files (x86)\Arduino\lib\listSerialsj.dll
0x777a0000 - 0x77bdc000 	C:\WINDOWS\System32\SETUPAPI.dll
0x77570000 - 0x775ab000 	C:\WINDOWS\System32\cfgmgr32.dll
0x77780000 - 0x77799000 	C:\WINDOWS\System32\bcrypt.dll
0x73120000 - 0x7313d000 	C:\Program Files (x86)\Arduino\lib\jnidispatch-4.2.2-win32-x86.dll
0x77390000 - 0x77473000 	C:\WINDOWS\System32\Ole32.dll
0x73100000 - 0x73115000 	C:\Program Files (x86)\Arduino\java\bin\net.dll
0x75320000 - 0x75372000 	C:\WINDOWS\system32\mswsock.dll
0x73140000 - 0x7314f000 	C:\Program Files (x86)\Arduino\java\bin\nio.dll
0x71dc0000 - 0x71f07000 	C:\Program Files (x86)\Arduino\java\bin\awt.dll
0x73060000 - 0x730ff000 	C:\WINDOWS\SYSTEM32\apphelp.dll
0x747a0000 - 0x747c6000 	C:\WINDOWS\system32\DWMAPI.DLL
0x72100000 - 0x72139000 	C:\Program Files (x86)\Arduino\java\bin\fontmanager.dll
0x71cb0000 - 0x71db3000 	C:\WINDOWS\system32\opengl32.dll
0x71c70000 - 0x71caf000 	C:\WINDOWS\SYSTEM32\GLU32.dll
0x71c30000 - 0x71c62000 	C:\Program Files (x86)\Arduino\java\bin\t2k.dll
0x71b60000 - 0x71b6a000 	C:\Program Files (x86)\Arduino\java\bin\management.dll
0x71b40000 - 0x71b51000 	C:\WINDOWS\system32\napinsp.dll
0x71b20000 - 0x71b36000 	C:\WINDOWS\system32\pnrpnsp.dll
0x71b10000 - 0x71b20000 	C:\WINDOWS\system32\wshbth.dll
0x71af0000 - 0x71b06000 	C:\WINDOWS\system32\NLAapi.dll
0x75480000 - 0x754b2000 	C:\WINDOWS\SYSTEM32\IPHLPAPI.DLL
0x72530000 - 0x725c1000 	C:\WINDOWS\SYSTEM32\DNSAPI.dll
0x76690000 - 0x76697000 	C:\WINDOWS\System32\NSI.dll
0x71ae0000 - 0x71aee000 	C:\WINDOWS\System32\winrnr.dll
0x71a80000 - 0x71ad8000 	C:\WINDOWS\System32\fwpuclnt.dll
0x71090000 - 0x71098000 	C:\Windows\System32\rasadhlp.dll
0x72690000 - 0x726a4000 	C:\WINDOWS\SYSTEM32\dhcpcsvc6.DLL
0x72670000 - 0x72686000 	C:\WINDOWS\SYSTEM32\dhcpcsvc.DLL
0x73ac0000 - 0x73ad3000 	C:\WINDOWS\SYSTEM32\CRYPTSP.dll
0x73a90000 - 0x73abf000 	C:\WINDOWS\system32\rsaenh.dll
0x740f0000 - 0x74115000 	C:\WINDOWS\SYSTEM32\USERENV.dll
0x73c50000 - 0x73c5a000 	C:\WINDOWS\SYSTEM32\CRYPTBASE.dll
0x753b0000 - 0x753db000 	C:\WINDOWS\SYSTEM32\DEVOBJ.dll
0x76550000 - 0x76597000 	C:\WINDOWS\System32\WINTRUST.dll
0x77280000 - 0x77381000 	C:\WINDOWS\System32\CRYPT32.dll
0x74cb0000 - 0x74cbe000 	C:\WINDOWS\SYSTEM32\MSASN1.dll
0x73a20000 - 0x73a40000 	C:\Program Files (x86)\Arduino\java\bin\sunec.dll
0x73360000 - 0x73369000 	C:\Program Files (x86)\Arduino\java\bin\sunmscapi.dll
0x732f0000 - 0x73359000 	C:\Program Files (x86)\Arduino\msvcp100.dll
0x73230000 - 0x732ee000 	C:\Program Files (x86)\Arduino\msvcr100.dll
0x29170000 - 0x291a2000 	C:\Program Files (x86)\Arduino\lib\AStylej.dll
0x73200000 - 0x73224000 	C:\Program Files (x86)\Arduino\java\bin\dcpr.dll
0x76bc0000 - 0x76c3e000 	C:\WINDOWS\System32\clbcatq.dll
0x71900000 - 0x71a71000 	C:\WINDOWS\SYSTEM32\WindowsCodecs.dll
0x731c0000 - 0x731f2000 	C:\WINDOWS\system32\dataexchange.dll
0x70f20000 - 0x71085000 	C:\WINDOWS\system32\dcomp.dll
0x73ea0000 - 0x74080000 	C:\WINDOWS\system32\d3d11.dll
0x73c60000 - 0x73d23000 	C:\WINDOWS\system32\dxgi.dll
0x70d90000 - 0x70f1f000 	C:\WINDOWS\system32\twinapi.appcore.dll
0x64000000 - 0x6401b000 	C:\Program Files (x86)\Arduino\lib\jSSC-2.8_x86.dll
0x71f40000 - 0x720c8000 	C:\WINDOWS\SYSTEM32\dbghelp.dll

VM Arguments:
jvm_args: -Dsun.java2d.d3d=false -Djna.nosys=true -Djna.nounpack=true -Djna.boot.library.name=jnidispatch-4.2.2-win32-x86 -Djna.boot.library.path=C:\Program Files (x86)\Arduino/lib -Djssc.library.path=C:\Program Files (x86)\Arduino/lib -DAPP_DIR=C:\Program Files (x86)\Arduino -Xms128M -Xmx512M -Dfile.encoding=UTF8 -Djava.net.preferIPv4Stack=true 
java_command: processing.app.Base C:\Users\ABAYO\Desktop\2021 projects\parking\parking\parking.ino
java_class_path (initial): C:\Program Files (x86)\Arduino\lib\apple.jar;C:\Program Files (x86)\Arduino\lib\arduino-core.jar;C:\Program Files (x86)\Arduino\lib\batik-1.8.jar;C:\Program Files (x86)\Arduino\lib\batik-anim-1.8.jar;C:\Program Files (x86)\Arduino\lib\batik-awt-util-1.8.jar;C:\Program Files (x86)\Arduino\lib\batik-bridge-1.8.jar;C:\Program Files (x86)\Arduino\lib\batik-codec-1.8.jar;C:\Program Files (x86)\Arduino\lib\batik-css-1.8.jar;C:\Program Files (x86)\Arduino\lib\batik-dom-1.8.jar;C:\Program Files (x86)\Arduino\lib\batik-ext-1.8.jar;C:\Program Files (x86)\Arduino\lib\batik-gvt-1.8.jar;C:\Program Files (x86)\Arduino\lib\batik-parser-1.8.jar;C:\Program Files (x86)\Arduino\lib\batik-rasterizer-1.8.jar;C:\Program Files (x86)\Arduino\lib\batik-script-1.8.jar;C:\Program Files (x86)\Arduino\lib\batik-squiggle-1.8.jar;C:\Program Files (x86)\Arduino\lib\batik-svg-dom-1.8.jar;C:\Program Files (x86)\Arduino\lib\batik-svgpp-1.8.jar;C:\Program Files (x86)\Arduino\lib\batik-transcoder-1.8.jar;C:\Program Files (x86)\Arduino\lib\batik-util-1.8.jar;C:\Program Files (x86)\Arduino\lib\batik-xml-1.8.jar;C:\Program Files (x86)\Arduino\lib\bcpg-jdk15on-152.jar;C:\Program Files (x86)\Arduino\lib\bcprov-jdk15on-152.jar;C:\Program Files (x86)\Arduino\lib\commons-codec-1.7.jar;C:\Program Files (x86)\Arduino\lib\commons-compress-1.8.jar;C:\Program Files (x86)\Arduino\lib\commons-exec-1.1.jar;C:\Program Files (x86)\Arduino\lib\commons-httpclient-3.1.jar;C:\Program Files (x86)\Arduino\lib\commons-lang3-3.8.1.jar;C:\Program Files (x86)\Arduino\lib\commons-logging-1.0.4.jar;C:\Program Files (x86)\Arduino\lib\commons-net-3.3.jar;C:\Program Files (x86)\Arduino\lib\commons-io-2.6.jar;C:\Program Files (x86)\Arduino\lib\jackson-annotations-2.9.5.jar;C:\Program Files (x86)\Arduino\lib\jackson-core-2.9.5.jar;C:\Program Files (x86)\Arduino\lib\jackson-databind-2.9.5.jar;C:\Program Files (x86)\Arduino\lib\java-semver-0.8.0.jar;C:\Program Files (x86)\Arduino\lib\jmdns-3.5.5.jar;C:\Program
Launcher Type: SUN_STANDARD

Environment Variables:
PATH=C:\Program Files (x86)\Common Files\Oracle\Java\javapath;C:\Program Files (x86)\Intel\TXE Components\TCS\;C:\Program Files\Intel\TXE Components\TCS\;C:\WINDOWS\system32;C:\WINDOWS;C:\WINDOWS\System32\Wbem;C:\WINDOWS\System32\WindowsPowerShell\v1.0\;C:\WINDOWS\System32\OpenSSH\;C:\Program Files\Intel\TXE Components\DAL\;C:\Program Files (x86)\Intel\TXE Components\DAL\;C:\Program Files\Intel\TXE Components\IPT\;C:\Program Files (x86)\Intel\TXE Components\IPT\;C:\Program Files (x86)\Brackets\command;C:\Program Files (x86)\IVI Foundation\VISA\WinNT\Bin;C:\Users\ABAYO\AppData\Local\Microsoft\WindowsApps;;C:\Program Files (x86)\Arduino\java\bin
USERNAME=ABAYO
OS=Windows_NT
PROCESSOR_IDENTIFIER=Intel64 Family 6 Model 76 Stepping 3, GenuineIntel



---------------  S Y S T E M  ---------------

OS: Windows 10.0 , 64 bit Build 19041 (10.0.19041.1151)

CPU:total 2 (initial active 2) (2 cores per cpu, 1 threads per core) family 6 model 76 stepping 3, cmov, cx8, fxsr, mmx, sse, sse2, sse3, ssse3, sse4.1, sse4.2, popcnt, aes, clmul, erms, 3dnowpref, tsc, tscinvbit

Memory: 4k page, physical 4026124k(627344k free), swap 6751564k(1049516k free)

vm_info: Java HotSpot(TM) Client VM (25.191-b12) for windows-x86 JRE (1.8.0_191-b12), built on Oct  6 2018 08:34:23 by "java_re" with MS VC++ 10.0 (VS2010)

time: Tue Sep 07 01:31:38 2021
elapsed time: 407 seconds (0d 0h 6m 47s)

